0 info it worked if it ends with ok
1 verbose cli [ '/local/packages/node-v4.4.3-linux-x64/bin/node',
1 verbose cli   '/local/bin/npm',
1 verbose cli   'install',
1 verbose cli   '--save',
1 verbose cli   'node' ]
2 info using npm@2.15.1
3 info using node@v4.4.3
4 verbose install initial load of /h/u15/c5/00/lymicha6/CSC309/T10/mongo_tutorial/package.json
5 warn package.json mongo_tutorial@1.0.0 No description
6 warn package.json mongo_tutorial@1.0.0 No repository field.
7 warn package.json mongo_tutorial@1.0.0 No README data
8 verbose installManyTop reading scoped package data from /h/u15/c5/00/lymicha6/CSC309/T10/mongo_tutorial/node_modules/mongodb/package.json
9 verbose readDependencies loading dependencies from /h/u15/c5/00/lymicha6/CSC309/T10/mongo_tutorial/package.json
10 silly cache add args [ 'node', null ]
11 verbose cache add spec node
12 silly cache add parsed spec Result {
12 silly cache add   raw: 'node',
12 silly cache add   scope: null,
12 silly cache add   name: 'node',
12 silly cache add   rawSpec: '',
12 silly cache add   spec: 'latest',
12 silly cache add   type: 'tag' }
13 silly addNamed node@latest
14 verbose addNamed "latest" is being treated as a dist-tag for node
15 info addNameTag [ 'node', 'latest' ]
16 silly mapToRegistry name node
17 silly mapToRegistry using default registry
18 silly mapToRegistry registry https://registry.npmjs.org/
19 silly mapToRegistry data Result {
19 silly mapToRegistry   raw: 'node',
19 silly mapToRegistry   scope: null,
19 silly mapToRegistry   name: 'node',
19 silly mapToRegistry   rawSpec: '',
19 silly mapToRegistry   spec: 'latest',
19 silly mapToRegistry   type: 'tag' }
20 silly mapToRegistry uri https://registry.npmjs.org/node
21 verbose addNameTag registry:https://registry.npmjs.org/node not in flight; fetching
22 verbose request uri https://registry.npmjs.org/node
23 verbose request no auth needed
24 info attempt registry request try #1 at 3:12:14 PM
25 verbose request id d129c162e21ad3da
26 http request GET https://registry.npmjs.org/node
27 http 200 https://registry.npmjs.org/node
28 verbose headers { server: 'nginx/1.10.1',
28 verbose headers   'content-type': 'application/json',
28 verbose headers   'last-modified': 'Thu, 16 Nov 2017 04:51:24 GMT',
28 verbose headers   etag: 'W/"5a0d194c-5130e"',
28 verbose headers   'content-encoding': 'gzip',
28 verbose headers   'cache-control': 'max-age=300',
28 verbose headers   'content-length': '53626',
28 verbose headers   'accept-ranges': 'bytes',
28 verbose headers   date: 'Fri, 24 Nov 2017 20:12:14 GMT',
28 verbose headers   via: '1.1 varnish',
28 verbose headers   age: '28',
28 verbose headers   connection: 'keep-alive',
28 verbose headers   'x-served-by': 'cache-yyz8320-YYZ',
28 verbose headers   'x-cache': 'HIT',
28 verbose headers   'x-cache-hits': '1',
28 verbose headers   'x-timer': 'S1511554334.338122,VS0,VE0',
28 verbose headers   vary: 'Accept-Encoding, Accept' }
29 silly get cb [ 200,
29 silly get   { server: 'nginx/1.10.1',
29 silly get     'content-type': 'application/json',
29 silly get     'last-modified': 'Thu, 16 Nov 2017 04:51:24 GMT',
29 silly get     etag: 'W/"5a0d194c-5130e"',
29 silly get     'content-encoding': 'gzip',
29 silly get     'cache-control': 'max-age=300',
29 silly get     'content-length': '53626',
29 silly get     'accept-ranges': 'bytes',
29 silly get     date: 'Fri, 24 Nov 2017 20:12:14 GMT',
29 silly get     via: '1.1 varnish',
29 silly get     age: '28',
29 silly get     connection: 'keep-alive',
29 silly get     'x-served-by': 'cache-yyz8320-YYZ',
29 silly get     'x-cache': 'HIT',
29 silly get     'x-cache-hits': '1',
29 silly get     'x-timer': 'S1511554334.338122,VS0,VE0',
29 silly get     vary: 'Accept-Encoding, Accept' } ]
30 verbose get saving node to /h/u15/c5/00/lymicha6/.npm/registry.npmjs.org/node/.cache.json
31 verbose correctMkdir /h/u15/c5/00/lymicha6/.npm correctMkdir not in flight; initializing
32 silly addNameTag next cb for node with tag latest
33 silly addNamed node@9.2.0
34 verbose addNamed "9.2.0" is a plain semver version for node
35 silly mapToRegistry name node
36 silly mapToRegistry using default registry
37 silly mapToRegistry registry https://registry.npmjs.org/
38 silly mapToRegistry data Result {
38 silly mapToRegistry   raw: 'node',
38 silly mapToRegistry   scope: null,
38 silly mapToRegistry   name: 'node',
38 silly mapToRegistry   rawSpec: '',
38 silly mapToRegistry   spec: 'latest',
38 silly mapToRegistry   type: 'tag' }
39 silly mapToRegistry uri https://registry.npmjs.org/node
40 verbose addRemoteTarball https://registry.npmjs.org/node/-/node-9.2.0.tgz not in flight; adding
41 verbose addRemoteTarball [ 'https://registry.npmjs.org/node/-/node-9.2.0.tgz',
41 verbose addRemoteTarball   '1d2171051dbc1856f993bb0dc72fbfdf4b9c9e62' ]
42 info retry fetch attempt 1 at 3:12:14 PM
43 info attempt registry request try #1 at 3:12:14 PM
44 http fetch GET https://registry.npmjs.org/node/-/node-9.2.0.tgz
45 http fetch 200 https://registry.npmjs.org/node/-/node-9.2.0.tgz
46 silly fetchAndShaCheck shasum 1d2171051dbc1856f993bb0dc72fbfdf4b9c9e62
47 verbose addTmpTarball /tmp/npm-35044-2d7f466c/registry.npmjs.org/node/-/node-9.2.0.tgz not in flight; adding
48 verbose addTmpTarball already have metadata; skipping unpack for node@9.2.0
49 verbose correctMkdir /h/u15/c5/00/lymicha6/.npm correctMkdir not in flight; initializing
50 silly cache afterAdd node@9.2.0
51 verbose afterAdd /h/u15/c5/00/lymicha6/.npm/node/9.2.0/package/package.json not in flight; writing
52 verbose correctMkdir /h/u15/c5/00/lymicha6/.npm correctMkdir not in flight; initializing
53 verbose afterAdd /h/u15/c5/00/lymicha6/.npm/node/9.2.0/package/package.json written
54 silly install resolved [ { name: 'node',
54 silly install resolved     version: '9.2.0',
54 silly install resolved     description: 'node',
54 silly install resolved     main: 'index.js',
54 silly install resolved     keywords: [ 'runtime' ],
54 silly install resolved     repository:
54 silly install resolved      { type: 'git',
54 silly install resolved        url: 'git+https://github.com/aredridel/node-bin-gen.git' },
54 silly install resolved     scripts: { preinstall: 'node installArchSpecificPackage' },
54 silly install resolved     bin: { node: 'bin/node' },
54 silly install resolved     dependencies: { 'node-bin-setup': '^1.0.0' },
54 silly install resolved     license: 'ISC',
54 silly install resolved     author: '',
54 silly install resolved     engines: { npm: '>=5.0.0' },
54 silly install resolved     bugs: { url: 'https://github.com/aredridel/node-bin-gen/issues' },
54 silly install resolved     homepage: 'https://github.com/aredridel/node-bin-gen#readme',
54 silly install resolved     _id: 'node@9.2.0',
54 silly install resolved     _npmVersion: '5.5.1',
54 silly install resolved     _nodeVersion: '8.2.0',
54 silly install resolved     _npmUser: { name: 'aredridel', email: 'aredridel@dinhe.net' },
54 silly install resolved     dist:
54 silly install resolved      { integrity: 'sha512-VlB30d/gC7A9A6enogX2aiMI4a5RJcQlMDarubx8IzXI2nG3doaYg4+pDmB9Sv0NFclR6nV8MlZxBhtlOK6L/w==',
54 silly install resolved        shasum: '1d2171051dbc1856f993bb0dc72fbfdf4b9c9e62',
54 silly install resolved        tarball: 'https://registry.npmjs.org/node/-/node-9.2.0.tgz' },
54 silly install resolved     maintainers: [ [Object], [Object] ],
54 silly install resolved     _npmOperationalInternal:
54 silly install resolved      { host: 's3://npm-registry-packages',
54 silly install resolved        tmp: 'tmp/node-9.2.0.tgz_1510807883393_0.3844021367840469' },
54 silly install resolved     directories: {},
54 silly install resolved     _shasum: '1d2171051dbc1856f993bb0dc72fbfdf4b9c9e62',
54 silly install resolved     _resolved: 'https://registry.npmjs.org/node/-/node-9.2.0.tgz',
54 silly install resolved     _from: 'node@latest' } ]
55 info install node@9.2.0 into /h/u15/c5/00/lymicha6/CSC309/T10/mongo_tutorial
56 info installOne node@9.2.0
57 verbose installOne of node to /h/u15/c5/00/lymicha6/CSC309/T10/mongo_tutorial not in flight; installing
58 verbose correctMkdir /h/u15/c5/00/lymicha6/.npm/_locks correctMkdir not in flight; initializing
59 verbose lock using /h/u15/c5/00/lymicha6/.npm/_locks/node-58f4ceabe1448cf8.lock for /h/u15/c5/00/lymicha6/CSC309/T10/mongo_tutorial/node_modules/node
60 warn engine node@9.2.0: wanted: {"npm":">=5.0.0"} (current: {"node":"4.4.3","npm":"2.15.1"})
61 silly install write writing node 9.2.0 to /h/u15/c5/00/lymicha6/CSC309/T10/mongo_tutorial/node_modules/node
62 verbose unbuild node_modules/node
63 silly gentlyRm /h/u15/c5/00/lymicha6/CSC309/T10/mongo_tutorial/node_modules/node is being purged from base /h/u15/c5/00/lymicha6/CSC309/T10/mongo_tutorial
64 verbose gentlyRm don't care about contents; nuking /h/u15/c5/00/lymicha6/CSC309/T10/mongo_tutorial/node_modules/node
65 verbose tar unpack /h/u15/c5/00/lymicha6/.npm/node/9.2.0/package.tgz
66 verbose tar unpacking to /h/u15/c5/00/lymicha6/CSC309/T10/mongo_tutorial/node_modules/node
67 silly gentlyRm /h/u15/c5/00/lymicha6/CSC309/T10/mongo_tutorial/node_modules/node is being purged
68 verbose gentlyRm don't care about contents; nuking /h/u15/c5/00/lymicha6/CSC309/T10/mongo_tutorial/node_modules/node
69 silly gunzTarPerm modes [ '700', '600' ]
70 silly gunzTarPerm extractEntry package.json
71 silly gunzTarPerm modified mode [ 'package.json', 420, 384 ]
72 silly gunzTarPerm extractEntry installArchSpecificPackage.js
73 silly gunzTarPerm modified mode [ 'installArchSpecificPackage.js', 420, 384 ]
74 silly gunzTarPerm extractEntry README.md
75 silly gunzTarPerm modified mode [ 'README.md', 420, 384 ]
76 verbose write writing to /h/u15/c5/00/lymicha6/CSC309/T10/mongo_tutorial/node_modules/node/package.json
77 info preinstall node@9.2.0
78 verbose unsafe-perm in lifecycle true
79 info node@9.2.0 Failed to exec preinstall script
80 verbose unlock done using /h/u15/c5/00/lymicha6/.npm/_locks/node-58f4ceabe1448cf8.lock for /h/u15/c5/00/lymicha6/CSC309/T10/mongo_tutorial/node_modules/node
81 verbose stack Error: node@9.2.0 preinstall: `node installArchSpecificPackage`
81 verbose stack Exit status 1
81 verbose stack     at EventEmitter.<anonymous> (/local/packages/node-v4.4.3-linux-x64/lib/node_modules/npm/lib/utils/lifecycle.js:217:16)
81 verbose stack     at emitTwo (events.js:87:13)
81 verbose stack     at EventEmitter.emit (events.js:172:7)
81 verbose stack     at ChildProcess.<anonymous> (/local/packages/node-v4.4.3-linux-x64/lib/node_modules/npm/lib/utils/spawn.js:24:14)
81 verbose stack     at emitTwo (events.js:87:13)
81 verbose stack     at ChildProcess.emit (events.js:172:7)
81 verbose stack     at maybeClose (internal/child_process.js:827:16)
81 verbose stack     at Process.ChildProcess._handle.onexit (internal/child_process.js:211:5)
82 verbose pkgid node@9.2.0
83 verbose cwd /h/u15/c5/00/lymicha6/CSC309/T10/mongo_tutorial
84 error Linux 4.10.0-40-generic
85 error argv "/local/packages/node-v4.4.3-linux-x64/bin/node" "/local/bin/npm" "install" "--save" "node"
86 error node v4.4.3
87 error npm  v2.15.1
88 error code ELIFECYCLE
89 error node@9.2.0 preinstall: `node installArchSpecificPackage`
89 error Exit status 1
90 error Failed at the node@9.2.0 preinstall script 'node installArchSpecificPackage'.
90 error This is most likely a problem with the node package,
90 error not with npm itself.
90 error Tell the author that this fails on your system:
90 error     node installArchSpecificPackage
90 error You can get information on how to open an issue for this project with:
90 error     npm bugs node
90 error Or if that isn't available, you can get their info via:
90 error
90 error     npm owner ls node
90 error There is likely additional logging output above.
91 verbose exit [ 1, true ]
92 verbose unbuild node_modules/node
93 info preuninstall node@9.2.0
94 info uninstall node@9.2.0
95 verbose unbuild rmStuff node@9.2.0 from /h/u15/c5/00/lymicha6/CSC309/T10/mongo_tutorial/node_modules
96 silly gentlyRm /h/u15/c5/00/lymicha6/CSC309/T10/mongo_tutorial/node_modules/.bin/node is being gently removed
97 silly gentlyRm verifying /h/u15/c5/00/lymicha6/CSC309/T10/mongo_tutorial is an npm working directory
98 silly gentlyRm containing path /h/u15/c5/00/lymicha6/CSC309/T10/mongo_tutorial is under npm's control, in /h/u15/c5/00/lymicha6/CSC309/T10/mongo_tutorial
99 silly gentlyRm deletion target /h/u15/c5/00/lymicha6/CSC309/T10/mongo_tutorial/node_modules/.bin/node is under /h/u15/c5/00/lymicha6/CSC309/T10/mongo_tutorial
100 verbose gentlyRm vacuuming from /h/u15/c5/00/lymicha6/CSC309/T10/mongo_tutorial/node_modules/.bin/node up to /h/u15/c5/00/lymicha6/CSC309/T10/mongo_tutorial
101 info postuninstall node@9.2.0
102 silly gentlyRm /h/u15/c5/00/lymicha6/CSC309/T10/mongo_tutorial/node_modules/node is being purged from base /h/u15/c5/00/lymicha6/CSC309/T10/mongo_tutorial
103 verbose gentlyRm don't care about contents; nuking /h/u15/c5/00/lymicha6/CSC309/T10/mongo_tutorial/node_modules/node
104 silly vacuum-fs purging /h/u15/c5/00/lymicha6/CSC309/T10/mongo_tutorial/node_modules/node
105 silly vacuum-fs quitting because other entries in /h/u15/c5/00/lymicha6/CSC309/T10/mongo_tutorial/node_modules
